<?xml version="1.0" encoding="UTF-8"?>
<coverage generated="1501951845">
  <project timestamp="1501951845">
    <package name="SearchReplace\DatabaseTypes">
      <file name="/Volumes/JB-SSD1/Dropbox/Sites/jarrett/searchreplace/src/DatabaseTypes/MySQL.php">
        <class name="MySQL" namespace="SearchReplace\DatabaseTypes">
          <metrics complexity="4" methods="4" coveredmethods="0" conditionals="0" coveredconditionals="0" statements="4" coveredstatements="0" elements="8" coveredelements="0"/>
        </class>
        <line num="5" type="method" name="__construct" visibility="public" complexity="1" crap="2" count="0"/>
        <line num="8" type="stmt" count="0"/>
        <line num="10" type="method" name="get_character_set" visibility="public" complexity="1" crap="2" count="0"/>
        <line num="13" type="stmt" count="0"/>
        <line num="15" type="method" name="get_primary_key" visibility="public" complexity="1" crap="2" count="0"/>
        <line num="18" type="stmt" count="0"/>
        <line num="20" type="method" name="get_columns" visibility="public" complexity="1" crap="2" count="0"/>
        <line num="23" type="stmt" count="0"/>
        <metrics loc="23" ncloc="23" classes="1" methods="4" coveredmethods="0" conditionals="0" coveredconditionals="0" statements="4" coveredstatements="0" elements="8" coveredelements="0"/>
      </file>
    </package>
    <package name="SearchReplace">
      <file name="/Volumes/JB-SSD1/Dropbox/Sites/jarrett/searchreplace/src/Exceptions/SearchReplaceException.php">
        <class name="SearchReplaceException" namespace="SearchReplace" fullPackage="HughesApi" package="HughesApi">
          <metrics complexity="2" methods="2" coveredmethods="2" conditionals="0" coveredconditionals="0" statements="3" coveredstatements="3" elements="5" coveredelements="5"/>
        </class>
        <line num="10" type="method" name="__construct" visibility="public" complexity="1" crap="1" count="3"/>
        <line num="13" type="stmt" count="3"/>
        <line num="14" type="stmt" count="3"/>
        <line num="17" type="method" name="__toString" visibility="public" complexity="1" crap="1" count="1"/>
        <line num="19" type="stmt" count="1"/>
        <metrics loc="22" ncloc="12" classes="1" methods="2" coveredmethods="2" conditionals="0" coveredconditionals="0" statements="3" coveredstatements="3" elements="5" coveredelements="5"/>
      </file>
      <file name="/Volumes/JB-SSD1/Dropbox/Sites/jarrett/searchreplace/src/SearchReplace.php">
        <class name="SearchReplace" namespace="SearchReplace" fullPackage="SearchReplace" package="SearchReplace">
          <metrics complexity="47" methods="33" coveredmethods="21" conditionals="0" coveredconditionals="0" statements="88" coveredstatements="57" elements="121" coveredelements="78"/>
        </class>
        <line num="50" type="method" name="__construct" visibility="public" complexity="2" crap="2" count="17"/>
        <line num="52" type="stmt" count="17"/>
        <line num="54" type="stmt" count="6"/>
        <line num="56" type="stmt" count="17"/>
        <line num="58" type="method" name="db" visibility="public" complexity="1" crap="1" count="2"/>
        <line num="60" type="stmt" count="2"/>
        <line num="69" type="method" name="search" visibility="public" complexity="1" crap="2" count="0"/>
        <line num="72" type="stmt" count="0"/>
        <line num="80" type="method" name="replace" visibility="public" complexity="1" crap="2" count="0"/>
        <line num="83" type="stmt" count="0"/>
        <line num="93" type="method" name="setDatabase" visibility="public" complexity="6" crap="6" count="8"/>
        <line num="95" type="stmt" count="8"/>
        <line num="97" type="stmt" count="8"/>
        <line num="98" type="stmt" count="6"/>
        <line num="100" type="stmt" count="6"/>
        <line num="103" type="stmt" count="2"/>
        <line num="104" type="stmt" count="2"/>
        <line num="107" type="stmt" count="2"/>
        <line num="109" type="stmt" count="2"/>
        <line num="110" type="stmt" count="1"/>
        <line num="112" type="stmt" count="1"/>
        <line num="122" type="method" name="throwError" visibility="public" complexity="2" crap="2" count="4"/>
        <line num="124" type="stmt" count="4"/>
        <line num="126" type="stmt" count="3"/>
        <line num="129" type="stmt" count="1"/>
        <line num="136" type="method" name="enableExceptions" visibility="public" complexity="1" crap="1" count="2"/>
        <line num="138" type="stmt" count="2"/>
        <line num="140" type="stmt" count="2"/>
        <line num="147" type="method" name="disableExceptions" visibility="public" complexity="1" crap="1" count="1"/>
        <line num="149" type="stmt" count="1"/>
        <line num="151" type="stmt" count="1"/>
        <line num="159" type="method" name="includeAllTables" visibility="public" complexity="2" crap="3.19" count="1"/>
        <line num="161" type="stmt" count="1"/>
        <line num="163" type="stmt" count="0"/>
        <line num="165" type="stmt" count="0"/>
        <line num="174" type="method" name="includeTables" visibility="public" complexity="2" crap="2" count="3"/>
        <line num="176" type="stmt" count="3"/>
        <line num="177" type="stmt" count="1"/>
        <line num="179" type="stmt" count="1"/>
        <line num="182" type="stmt" count="3"/>
        <line num="184" type="stmt" count="3"/>
        <line num="192" type="method" name="excludeTables" visibility="public" complexity="2" crap="2" count="2"/>
        <line num="194" type="stmt" count="2"/>
        <line num="195" type="stmt" count="1"/>
        <line num="197" type="stmt" count="1"/>
        <line num="199" type="stmt" count="2"/>
        <line num="201" type="stmt" count="2"/>
        <line num="208" type="method" name="getTables" visibility="public" complexity="1" crap="2" count="0"/>
        <line num="211" type="stmt" count="0"/>
        <line num="213" type="stmt" count="0"/>
        <line num="220" type="method" name="getTableIncludes" visibility="public" complexity="1" crap="1" count="3"/>
        <line num="222" type="stmt" count="3"/>
        <line num="229" type="method" name="getTableExcludes" visibility="public" complexity="1" crap="1" count="2"/>
        <line num="231" type="stmt" count="2"/>
        <line num="238" type="method" name="resetTables" visibility="public" complexity="1" crap="1" count="1"/>
        <line num="240" type="stmt" count="1"/>
        <line num="241" type="stmt" count="1"/>
        <line num="243" type="stmt" count="1"/>
        <line num="252" type="method" name="setTableOffset" visibility="public" complexity="2" crap="2" count="2"/>
        <line num="254" type="stmt" count="2"/>
        <line num="256" type="stmt" count="2"/>
        <line num="258" type="stmt" count="2"/>
        <line num="265" type="method" name="getTableRowOffset" visibility="public" complexity="1" crap="1" count="2"/>
        <line num="267" type="stmt" count="2"/>
        <line num="274" type="method" name="getTableRowLimit" visibility="public" complexity="1" crap="1" count="2"/>
        <line num="276" type="stmt" count="2"/>
        <line num="283" type="method" name="getTableOffset" visibility="public" complexity="1" crap="1" count="2"/>
        <line num="285" type="stmt" count="2"/>
        <line num="293" type="method" name="setTableLimit" visibility="public" complexity="2" crap="2" count="2"/>
        <line num="295" type="stmt" count="2"/>
        <line num="297" type="stmt" count="2"/>
        <line num="299" type="stmt" count="2"/>
        <line num="305" type="method" name="getTableLimit" visibility="public" complexity="1" crap="1" count="2"/>
        <line num="307" type="stmt" count="2"/>
        <line num="316" type="method" name="setTableRange" visibility="public" complexity="1" crap="1" count="1"/>
        <line num="318" type="stmt" count="1"/>
        <line num="319" type="stmt" count="1"/>
        <line num="321" type="stmt" count="1"/>
        <line num="330" type="method" name="setTableRowOffset" visibility="public" complexity="1" crap="1" count="2"/>
        <line num="332" type="stmt" count="2"/>
        <line num="334" type="stmt" count="2"/>
        <line num="343" type="method" name="setTableRowLimit" visibility="public" complexity="1" crap="1" count="2"/>
        <line num="345" type="stmt" count="2"/>
        <line num="347" type="stmt" count="2"/>
        <line num="356" type="method" name="setTableRowRange" visibility="public" complexity="1" crap="1" count="1"/>
        <line num="358" type="stmt" count="1"/>
        <line num="359" type="stmt" count="1"/>
        <line num="361" type="stmt" count="1"/>
        <line num="369" type="method" name="setTableRowsPerBatch" visibility="public" complexity="2" crap="6" count="0"/>
        <line num="371" type="stmt" count="0"/>
        <line num="372" type="stmt" count="0"/>
        <line num="375" type="stmt" count="0"/>
        <line num="377" type="stmt" count="0"/>
        <line num="385" type="method" name="verifyPrereqs" visibility="public" complexity="2" crap="6" count="0"/>
        <line num="387" type="stmt" count="0"/>
        <line num="389" type="stmt" count="0"/>
        <line num="392" type="stmt" count="0"/>
        <line num="398" type="method" name="reset" visibility="public" complexity="1" crap="2" count="0"/>
        <line num="400" type="stmt" count="0"/>
        <line num="401" type="stmt" count="0"/>
        <line num="402" type="stmt" count="0"/>
        <line num="403" type="stmt" count="0"/>
        <line num="404" type="stmt" count="0"/>
        <line num="405" type="stmt" count="0"/>
        <line num="406" type="stmt" count="0"/>
        <line num="407" type="stmt" count="0"/>
        <line num="413" type="method" name="resetErrors" visibility="protected" complexity="1" crap="2" count="0"/>
        <line num="415" type="stmt" count="0"/>
        <line num="417" type="stmt" count="0"/>
        <line num="425" type="method" name="appendError" visibility="protected" complexity="1" crap="2" count="0"/>
        <line num="427" type="stmt" count="0"/>
        <line num="429" type="stmt" count="0"/>
        <line num="435" type="method" name="prepare" visibility="private" complexity="1" crap="2" count="0"/>
        <line num="437" type="stmt" count="0"/>
        <line num="438" type="stmt" count="0"/>
        <line num="443" type="method" name="prepareTables" visibility="private" complexity="1" crap="2" count="0"/>
        <line num="446" type="stmt" count="0"/>
        <line num="451" type="method" name="execute" visibility="public" complexity="1" crap="2" count="0"/>
        <line num="453" type="stmt" count="0"/>
        <line num="454" type="stmt" count="0"/>
        <line num="455" type="stmt" count="0"/>
        <metrics loc="455" ncloc="283" classes="1" methods="33" coveredmethods="21" conditionals="0" coveredconditionals="0" statements="88" coveredstatements="57" elements="121" coveredelements="78"/>
      </file>
      <file name="/Volumes/JB-SSD1/Dropbox/Sites/jarrett/searchreplace/src/SearchReplaceDatabase.php">
        <class name="SearchReplaceDatabase" namespace="SearchReplace" fullPackage="SearchReplace" package="SearchReplace">
          <metrics complexity="3" methods="2" coveredmethods="1" conditionals="0" coveredconditionals="0" statements="9" coveredstatements="8" elements="11" coveredelements="9"/>
        </class>
        <line num="12" type="method" name="__construct" visibility="public" complexity="1" crap="1" count="17"/>
        <line num="14" type="stmt" count="17"/>
        <line num="15" type="stmt" count="17"/>
        <line num="16" type="stmt" count="17"/>
        <line num="17" type="stmt" count="17"/>
        <line num="19" type="stmt" count="17"/>
        <line num="26" type="method" name="db" visibility="public" complexity="2" crap="2.06" count="17"/>
        <line num="28" type="stmt" count="17"/>
        <line num="30" type="stmt" count="17"/>
        <line num="31" type="stmt" count="0"/>
        <line num="34" type="stmt" count="17"/>
        <metrics loc="35" ncloc="26" classes="1" methods="2" coveredmethods="1" conditionals="0" coveredconditionals="0" statements="9" coveredstatements="8" elements="11" coveredelements="9"/>
      </file>
    </package>
    <metrics files="4" loc="535" ncloc="344" classes="4" methods="41" coveredmethods="24" conditionals="0" coveredconditionals="0" statements="104" coveredstatements="68" elements="145" coveredelements="92"/>
  </project>
</coverage>
