<?xml version="1.0" encoding="UTF-8"?>
<coverage generated="1501950275">
  <project timestamp="1501950275">
    <package name="SearchReplace\DatabaseTypes">
      <file name="/Volumes/JB-SSD1/Dropbox/Sites/jarrett/searchreplace/src/DatabaseTypes/MySQL.php">
        <class name="MySQL" namespace="SearchReplace\DatabaseTypes">
          <metrics complexity="4" methods="4" coveredmethods="0" conditionals="0" coveredconditionals="0" statements="4" coveredstatements="0" elements="8" coveredelements="0"/>
        </class>
        <line num="5" type="method" name="__construct" visibility="public" complexity="1" crap="2" count="0"/>
        <line num="8" type="stmt" count="0"/>
        <line num="10" type="method" name="get_character_set" visibility="public" complexity="1" crap="2" count="0"/>
        <line num="13" type="stmt" count="0"/>
        <line num="15" type="method" name="get_primary_key" visibility="public" complexity="1" crap="2" count="0"/>
        <line num="18" type="stmt" count="0"/>
        <line num="20" type="method" name="get_columns" visibility="public" complexity="1" crap="2" count="0"/>
        <line num="23" type="stmt" count="0"/>
        <metrics loc="23" ncloc="23" classes="1" methods="4" coveredmethods="0" conditionals="0" coveredconditionals="0" statements="4" coveredstatements="0" elements="8" coveredelements="0"/>
      </file>
    </package>
    <package name="SearchReplace">
      <file name="/Volumes/JB-SSD1/Dropbox/Sites/jarrett/searchreplace/src/Exceptions/SearchReplaceException.php">
        <class name="SearchReplaceException" namespace="SearchReplace" fullPackage="HughesApi" package="HughesApi">
          <metrics complexity="2" methods="2" coveredmethods="2" conditionals="0" coveredconditionals="0" statements="3" coveredstatements="3" elements="5" coveredelements="5"/>
        </class>
        <line num="10" type="method" name="__construct" visibility="public" complexity="1" crap="1" count="3"/>
        <line num="13" type="stmt" count="3"/>
        <line num="14" type="stmt" count="3"/>
        <line num="17" type="method" name="__toString" visibility="public" complexity="1" crap="1" count="1"/>
        <line num="19" type="stmt" count="1"/>
        <metrics loc="22" ncloc="12" classes="1" methods="2" coveredmethods="2" conditionals="0" coveredconditionals="0" statements="3" coveredstatements="3" elements="5" coveredelements="5"/>
      </file>
      <file name="/Volumes/JB-SSD1/Dropbox/Sites/jarrett/searchreplace/src/SearchReplace.php">
        <class name="SearchReplace" namespace="SearchReplace" fullPackage="SearchReplace" package="SearchReplace">
          <metrics complexity="44" methods="30" coveredmethods="13" conditionals="0" coveredconditionals="0" statements="84" coveredstatements="41" elements="114" coveredelements="54"/>
        </class>
        <line num="50" type="method" name="__construct" visibility="public" complexity="2" crap="2" count="12"/>
        <line num="52" type="stmt" count="12"/>
        <line num="54" type="stmt" count="6"/>
        <line num="56" type="stmt" count="12"/>
        <line num="58" type="method" name="db" visibility="public" complexity="1" crap="1" count="2"/>
        <line num="60" type="stmt" count="2"/>
        <line num="69" type="method" name="search" visibility="public" complexity="1" crap="2" count="0"/>
        <line num="72" type="stmt" count="0"/>
        <line num="80" type="method" name="replace" visibility="public" complexity="1" crap="2" count="0"/>
        <line num="83" type="stmt" count="0"/>
        <line num="93" type="method" name="setDatabase" visibility="public" complexity="6" crap="6" count="8"/>
        <line num="95" type="stmt" count="8"/>
        <line num="97" type="stmt" count="8"/>
        <line num="98" type="stmt" count="6"/>
        <line num="100" type="stmt" count="6"/>
        <line num="103" type="stmt" count="2"/>
        <line num="104" type="stmt" count="2"/>
        <line num="107" type="stmt" count="2"/>
        <line num="109" type="stmt" count="2"/>
        <line num="110" type="stmt" count="1"/>
        <line num="112" type="stmt" count="1"/>
        <line num="122" type="method" name="throwError" visibility="public" complexity="2" crap="2" count="4"/>
        <line num="124" type="stmt" count="4"/>
        <line num="126" type="stmt" count="3"/>
        <line num="129" type="stmt" count="1"/>
        <line num="136" type="method" name="enableExceptions" visibility="public" complexity="1" crap="1" count="2"/>
        <line num="138" type="stmt" count="2"/>
        <line num="140" type="stmt" count="2"/>
        <line num="147" type="method" name="disableExceptions" visibility="public" complexity="1" crap="1" count="1"/>
        <line num="149" type="stmt" count="1"/>
        <line num="151" type="stmt" count="1"/>
        <line num="159" type="method" name="includeAllTables" visibility="public" complexity="2" crap="3.19" count="1"/>
        <line num="161" type="stmt" count="1"/>
        <line num="163" type="stmt" count="0"/>
        <line num="165" type="stmt" count="0"/>
        <line num="174" type="method" name="includeTables" visibility="public" complexity="2" crap="2" count="3"/>
        <line num="176" type="stmt" count="3"/>
        <line num="177" type="stmt" count="1"/>
        <line num="179" type="stmt" count="1"/>
        <line num="182" type="stmt" count="3"/>
        <line num="184" type="stmt" count="3"/>
        <line num="192" type="method" name="excludeTables" visibility="public" complexity="2" crap="2" count="2"/>
        <line num="194" type="stmt" count="2"/>
        <line num="195" type="stmt" count="1"/>
        <line num="197" type="stmt" count="1"/>
        <line num="199" type="stmt" count="2"/>
        <line num="201" type="stmt" count="2"/>
        <line num="208" type="method" name="getTables" visibility="public" complexity="1" crap="2" count="0"/>
        <line num="210" type="stmt" count="0"/>
        <line num="217" type="method" name="getTableIncludes" visibility="public" complexity="1" crap="1" count="3"/>
        <line num="219" type="stmt" count="3"/>
        <line num="226" type="method" name="getTableExcludes" visibility="public" complexity="1" crap="1" count="2"/>
        <line num="228" type="stmt" count="2"/>
        <line num="235" type="method" name="resetTables" visibility="public" complexity="1" crap="1" count="1"/>
        <line num="237" type="stmt" count="1"/>
        <line num="238" type="stmt" count="1"/>
        <line num="240" type="stmt" count="1"/>
        <line num="249" type="method" name="setTableOffset" visibility="public" complexity="2" crap="2" count="1"/>
        <line num="251" type="stmt" count="1"/>
        <line num="253" type="stmt" count="1"/>
        <line num="255" type="stmt" count="1"/>
        <line num="262" type="method" name="getTableOffset" visibility="public" complexity="1" crap="1" count="1"/>
        <line num="264" type="stmt" count="1"/>
        <line num="272" type="method" name="setTableLimit" visibility="public" complexity="2" crap="6" count="0"/>
        <line num="274" type="stmt" count="0"/>
        <line num="276" type="stmt" count="0"/>
        <line num="278" type="stmt" count="0"/>
        <line num="287" type="method" name="setTableRange" visibility="public" complexity="1" crap="2" count="0"/>
        <line num="289" type="stmt" count="0"/>
        <line num="290" type="stmt" count="0"/>
        <line num="292" type="stmt" count="0"/>
        <line num="301" type="method" name="setTableRowOffset" visibility="public" complexity="1" crap="2" count="0"/>
        <line num="303" type="stmt" count="0"/>
        <line num="305" type="stmt" count="0"/>
        <line num="314" type="method" name="setTableRowLimit" visibility="public" complexity="1" crap="2" count="0"/>
        <line num="316" type="stmt" count="0"/>
        <line num="318" type="stmt" count="0"/>
        <line num="327" type="method" name="setTableRowRange" visibility="public" complexity="1" crap="2" count="0"/>
        <line num="329" type="stmt" count="0"/>
        <line num="330" type="stmt" count="0"/>
        <line num="332" type="stmt" count="0"/>
        <line num="340" type="method" name="setTableRowsPerBatch" visibility="public" complexity="2" crap="6" count="0"/>
        <line num="342" type="stmt" count="0"/>
        <line num="343" type="stmt" count="0"/>
        <line num="346" type="stmt" count="0"/>
        <line num="348" type="stmt" count="0"/>
        <line num="356" type="method" name="verifyPrereqs" visibility="public" complexity="2" crap="6" count="0"/>
        <line num="358" type="stmt" count="0"/>
        <line num="360" type="stmt" count="0"/>
        <line num="363" type="stmt" count="0"/>
        <line num="369" type="method" name="reset" visibility="public" complexity="1" crap="2" count="0"/>
        <line num="371" type="stmt" count="0"/>
        <line num="372" type="stmt" count="0"/>
        <line num="373" type="stmt" count="0"/>
        <line num="374" type="stmt" count="0"/>
        <line num="375" type="stmt" count="0"/>
        <line num="376" type="stmt" count="0"/>
        <line num="377" type="stmt" count="0"/>
        <line num="378" type="stmt" count="0"/>
        <line num="384" type="method" name="resetErrors" visibility="protected" complexity="1" crap="2" count="0"/>
        <line num="386" type="stmt" count="0"/>
        <line num="388" type="stmt" count="0"/>
        <line num="396" type="method" name="appendError" visibility="protected" complexity="1" crap="2" count="0"/>
        <line num="398" type="stmt" count="0"/>
        <line num="400" type="stmt" count="0"/>
        <line num="406" type="method" name="prepare" visibility="private" complexity="1" crap="2" count="0"/>
        <line num="408" type="stmt" count="0"/>
        <line num="409" type="stmt" count="0"/>
        <line num="414" type="method" name="prepareTables" visibility="private" complexity="1" crap="2" count="0"/>
        <line num="417" type="stmt" count="0"/>
        <line num="422" type="method" name="execute" visibility="public" complexity="1" crap="2" count="0"/>
        <line num="424" type="stmt" count="0"/>
        <line num="425" type="stmt" count="0"/>
        <line num="426" type="stmt" count="0"/>
        <metrics loc="426" ncloc="267" classes="1" methods="30" coveredmethods="13" conditionals="0" coveredconditionals="0" statements="84" coveredstatements="41" elements="114" coveredelements="54"/>
      </file>
      <file name="/Volumes/JB-SSD1/Dropbox/Sites/jarrett/searchreplace/src/SearchReplaceDatabase.php">
        <class name="SearchReplaceDatabase" namespace="SearchReplace" fullPackage="SearchReplace" package="SearchReplace">
          <metrics complexity="3" methods="2" coveredmethods="1" conditionals="0" coveredconditionals="0" statements="9" coveredstatements="8" elements="11" coveredelements="9"/>
        </class>
        <line num="12" type="method" name="__construct" visibility="public" complexity="1" crap="1" count="12"/>
        <line num="14" type="stmt" count="12"/>
        <line num="15" type="stmt" count="12"/>
        <line num="16" type="stmt" count="12"/>
        <line num="17" type="stmt" count="12"/>
        <line num="19" type="stmt" count="12"/>
        <line num="26" type="method" name="db" visibility="public" complexity="2" crap="2.06" count="12"/>
        <line num="28" type="stmt" count="12"/>
        <line num="30" type="stmt" count="12"/>
        <line num="31" type="stmt" count="0"/>
        <line num="34" type="stmt" count="12"/>
        <metrics loc="35" ncloc="26" classes="1" methods="2" coveredmethods="1" conditionals="0" coveredconditionals="0" statements="9" coveredstatements="8" elements="11" coveredelements="9"/>
      </file>
    </package>
    <metrics files="4" loc="506" ncloc="328" classes="4" methods="38" coveredmethods="16" conditionals="0" coveredconditionals="0" statements="100" coveredstatements="52" elements="138" coveredelements="68"/>
  </project>
</coverage>
